  BENGAL'S AIR ASSAULT_MAIN.cpp
D:\IUT SEMESTER 2\CSE 4202\BENGALS AIR ASSAULT\BSA GAME\BENGAL'S AIR ASSAULT\BENGAL'S AIR ASSAULT_MAIN.cpp(30,12): warning C4244: 'argument': conversion from 'time_t' to 'unsigned int', possible loss of data
D:\IUT SEMESTER 2\CSE 4202\BENGALS AIR ASSAULT\BSA GAME\BENGAL'S AIR ASSAULT\BENGAL'S AIR ASSAULT_MAIN.cpp(535,81): warning C4244: 'argument': conversion from 'int' to 'T', possible loss of data
          with
          [
              T=float
          ]
D:\IUT SEMESTER 2\CSE 4202\BENGALS AIR ASSAULT\BSA GAME\BENGAL'S AIR ASSAULT\BENGAL'S AIR ASSAULT_MAIN.cpp(535,62): warning C4244: 'argument': conversion from 'int' to 'T', possible loss of data
          with
          [
              T=float
          ]
D:\IUT SEMESTER 2\CSE 4202\BENGALS AIR ASSAULT\BSA GAME\BENGAL'S AIR ASSAULT\BENGAL'S AIR ASSAULT_MAIN.cpp(547,81): warning C4244: 'argument': conversion from 'int' to 'T', possible loss of data
          with
          [
              T=float
          ]
D:\IUT SEMESTER 2\CSE 4202\BENGALS AIR ASSAULT\BSA GAME\BENGAL'S AIR ASSAULT\BENGAL'S AIR ASSAULT_MAIN.cpp(547,62): warning C4244: 'argument': conversion from 'int' to 'T', possible loss of data
          with
          [
              T=float
          ]
D:\IUT SEMESTER 2\CSE 4202\BENGALS AIR ASSAULT\BSA GAME\BENGAL'S AIR ASSAULT\BENGAL'S AIR ASSAULT_MAIN.cpp(559,84): warning C4244: 'argument': conversion from 'int' to 'T', possible loss of data
          with
          [
              T=float
          ]
D:\IUT SEMESTER 2\CSE 4202\BENGALS AIR ASSAULT\BSA GAME\BENGAL'S AIR ASSAULT\BENGAL'S AIR ASSAULT_MAIN.cpp(559,65): warning C4244: 'argument': conversion from 'int' to 'T', possible loss of data
          with
          [
              T=float
          ]
D:\IUT SEMESTER 2\CSE 4202\BENGALS AIR ASSAULT\BSA GAME\BENGAL'S AIR ASSAULT\BENGAL'S AIR ASSAULT_MAIN.cpp(571,81): warning C4244: 'argument': conversion from 'int' to 'T', possible loss of data
          with
          [
              T=float
          ]
D:\IUT SEMESTER 2\CSE 4202\BENGALS AIR ASSAULT\BSA GAME\BENGAL'S AIR ASSAULT\BENGAL'S AIR ASSAULT_MAIN.cpp(571,62): warning C4244: 'argument': conversion from 'int' to 'T', possible loss of data
          with
          [
              T=float
          ]
D:\IUT SEMESTER 2\CSE 4202\BENGALS AIR ASSAULT\BSA GAME\BENGAL'S AIR ASSAULT\BENGAL'S AIR ASSAULT_MAIN.cpp(583,81): warning C4244: 'argument': conversion from 'int' to 'T', possible loss of data
          with
          [
              T=float
          ]
D:\IUT SEMESTER 2\CSE 4202\BENGALS AIR ASSAULT\BSA GAME\BENGAL'S AIR ASSAULT\BENGAL'S AIR ASSAULT_MAIN.cpp(583,62): warning C4244: 'argument': conversion from 'int' to 'T', possible loss of data
          with
          [
              T=float
          ]
D:\IUT SEMESTER 2\CSE 4202\BENGALS AIR ASSAULT\BSA GAME\BENGAL'S AIR ASSAULT\BENGAL'S AIR ASSAULT_MAIN.cpp(595,81): warning C4244: 'argument': conversion from 'int' to 'T', possible loss of data
          with
          [
              T=float
          ]
D:\IUT SEMESTER 2\CSE 4202\BENGALS AIR ASSAULT\BSA GAME\BENGAL'S AIR ASSAULT\BENGAL'S AIR ASSAULT_MAIN.cpp(595,62): warning C4244: 'argument': conversion from 'int' to 'T', possible loss of data
          with
          [
              T=float
          ]
D:\IUT SEMESTER 2\CSE 4202\BENGALS AIR ASSAULT\BSA GAME\BENGAL'S AIR ASSAULT\BENGAL'S AIR ASSAULT_MAIN.cpp(625,93): warning C4244: 'argument': conversion from 'T' to 'T', possible loss of data
          with
          [
              T=int
          ]
          and
          [
              T=float
          ]
D:\IUT SEMESTER 2\CSE 4202\BENGALS AIR ASSAULT\BSA GAME\BENGAL'S AIR ASSAULT\BENGAL'S AIR ASSAULT_MAIN.cpp(625,76): warning C4244: 'argument': conversion from 'T' to 'T', possible loss of data
          with
          [
              T=int
          ]
          and
          [
              T=float
          ]
D:\IUT SEMESTER 2\CSE 4202\BENGALS AIR ASSAULT\BSA GAME\BENGAL'S AIR ASSAULT\BENGAL'S AIR ASSAULT_MAIN.cpp(631,98): warning C4244: 'argument': conversion from 'T' to 'T', possible loss of data
          with
          [
              T=int
          ]
          and
          [
              T=float
          ]
D:\IUT SEMESTER 2\CSE 4202\BENGALS AIR ASSAULT\BSA GAME\BENGAL'S AIR ASSAULT\BENGAL'S AIR ASSAULT_MAIN.cpp(631,81): warning C4244: 'argument': conversion from 'T' to 'T', possible loss of data
          with
          [
              T=int
          ]
          and
          [
              T=float
          ]
D:\IUT SEMESTER 2\CSE 4202\BENGALS AIR ASSAULT\BSA GAME\BENGAL'S AIR ASSAULT\BENGAL'S AIR ASSAULT_MAIN.cpp(637,98): warning C4244: 'argument': conversion from 'T' to 'T', possible loss of data
          with
          [
              T=int
          ]
          and
          [
              T=float
          ]
D:\IUT SEMESTER 2\CSE 4202\BENGALS AIR ASSAULT\BSA GAME\BENGAL'S AIR ASSAULT\BENGAL'S AIR ASSAULT_MAIN.cpp(637,81): warning C4244: 'argument': conversion from 'T' to 'T', possible loss of data
          with
          [
              T=int
          ]
          and
          [
              T=float
          ]
D:\IUT SEMESTER 2\CSE 4202\BENGALS AIR ASSAULT\BSA GAME\BENGAL'S AIR ASSAULT\BENGAL'S AIR ASSAULT_MAIN.cpp(644,98): warning C4244: 'argument': conversion from 'T' to 'T', possible loss of data
          with
          [
              T=int
          ]
          and
          [
              T=float
          ]
D:\IUT SEMESTER 2\CSE 4202\BENGALS AIR ASSAULT\BSA GAME\BENGAL'S AIR ASSAULT\BENGAL'S AIR ASSAULT_MAIN.cpp(644,81): warning C4244: 'argument': conversion from 'T' to 'T', possible loss of data
          with
          [
              T=int
          ]
          and
          [
              T=float
          ]
D:\IUT SEMESTER 2\CSE 4202\BENGALS AIR ASSAULT\BSA GAME\BENGAL'S AIR ASSAULT\BENGAL'S AIR ASSAULT_MAIN.cpp(651,147): warning C4244: 'argument': conversion from 'T' to 'T', possible loss of data
          with
          [
              T=int
          ]
          and
          [
              T=float
          ]
D:\IUT SEMESTER 2\CSE 4202\BENGALS AIR ASSAULT\BSA GAME\BENGAL'S AIR ASSAULT\BENGAL'S AIR ASSAULT_MAIN.cpp(651,130): warning C4244: 'argument': conversion from 'T' to 'T', possible loss of data
          with
          [
              T=int
          ]
          and
          [
              T=float
          ]
D:\IUT SEMESTER 2\CSE 4202\BENGALS AIR ASSAULT\BSA GAME\BENGAL'S AIR ASSAULT\BENGAL'S AIR ASSAULT_MAIN.cpp(657,98): warning C4244: 'argument': conversion from 'T' to 'T', possible loss of data
          with
          [
              T=int
          ]
          and
          [
              T=float
          ]
D:\IUT SEMESTER 2\CSE 4202\BENGALS AIR ASSAULT\BSA GAME\BENGAL'S AIR ASSAULT\BENGAL'S AIR ASSAULT_MAIN.cpp(657,81): warning C4244: 'argument': conversion from 'T' to 'T', possible loss of data
          with
          [
              T=int
          ]
          and
          [
              T=float
          ]
D:\IUT SEMESTER 2\CSE 4202\BENGALS AIR ASSAULT\BSA GAME\BENGAL'S AIR ASSAULT\BENGAL'S AIR ASSAULT_MAIN.cpp(663,98): warning C4244: 'argument': conversion from 'T' to 'T', possible loss of data
          with
          [
              T=int
          ]
          and
          [
              T=float
          ]
D:\IUT SEMESTER 2\CSE 4202\BENGALS AIR ASSAULT\BSA GAME\BENGAL'S AIR ASSAULT\BENGAL'S AIR ASSAULT_MAIN.cpp(663,81): warning C4244: 'argument': conversion from 'T' to 'T', possible loss of data
          with
          [
              T=int
          ]
          and
          [
              T=float
          ]
D:\IUT SEMESTER 2\CSE 4202\BENGALS AIR ASSAULT\BSA GAME\BENGAL'S AIR ASSAULT\BENGAL'S AIR ASSAULT_MAIN.cpp(680,59): warning C4244: 'argument': conversion from 'int' to 'T', possible loss of data
          with
          [
              T=float
          ]
D:\IUT SEMESTER 2\CSE 4202\BENGALS AIR ASSAULT\BSA GAME\BENGAL'S AIR ASSAULT\BENGAL'S AIR ASSAULT_MAIN.cpp(684,57): warning C4244: 'argument': conversion from 'int' to 'T', possible loss of data
          with
          [
              T=float
          ]
D:\IUT SEMESTER 2\CSE 4202\BENGALS AIR ASSAULT\BSA GAME\BENGAL'S AIR ASSAULT\BENGAL'S AIR ASSAULT_MAIN.cpp(789,31): warning C4305: 'argument': truncation from 'double' to 'float'
D:\IUT SEMESTER 2\CSE 4202\BENGALS AIR ASSAULT\BSA GAME\BENGAL'S AIR ASSAULT\BENGAL'S AIR ASSAULT_MAIN.cpp(833,14): warning C4244: 'initializing': conversion from 'T' to 'float', possible loss of data
          with
          [
              T=unsigned int
          ]
D:\IUT SEMESTER 2\CSE 4202\BENGALS AIR ASSAULT\BSA GAME\BENGAL'S AIR ASSAULT\BENGAL'S AIR ASSAULT_MAIN.cpp(834,14): warning C4244: 'initializing': conversion from 'T' to 'float', possible loss of data
          with
          [
              T=unsigned int
          ]
D:\IUT SEMESTER 2\CSE 4202\BENGALS AIR ASSAULT\BSA GAME\BENGAL'S AIR ASSAULT\BENGAL'S AIR ASSAULT_MAIN.cpp(995,97): warning C4244: 'argument': conversion from '_Ty2' to 'T', possible loss of data
          with
          [
              _Ty2=double
          ]
          and
          [
              T=float
          ]
D:\IUT SEMESTER 2\CSE 4202\BENGALS AIR ASSAULT\BSA GAME\BENGAL'S AIR ASSAULT\BENGAL'S AIR ASSAULT_MAIN.cpp(995,71): warning C4244: 'argument': conversion from '_Ty1' to 'T', possible loss of data
          with
          [
              _Ty1=double
          ]
          and
          [
              T=float
          ]
D:\IUT SEMESTER 2\CSE 4202\BENGALS AIR ASSAULT\BSA GAME\BENGAL'S AIR ASSAULT\BENGAL'S AIR ASSAULT_MAIN.cpp(1042,94): warning C4244: 'argument': conversion from '_Ty2' to 'T', possible loss of data
          with
          [
              _Ty2=double
          ]
          and
          [
              T=float
          ]
D:\IUT SEMESTER 2\CSE 4202\BENGALS AIR ASSAULT\BSA GAME\BENGAL'S AIR ASSAULT\BENGAL'S AIR ASSAULT_MAIN.cpp(1042,67): warning C4244: 'argument': conversion from '_Ty1' to 'T', possible loss of data
          with
          [
              _Ty1=double
          ]
          and
          [
              T=float
          ]
  Generating code
  1 of 330 functions ( 0.3%) were compiled, the rest were copied from previous compilation.
    0 functions were new in current compilation
    0 functions had inline decision re-evaluated but remain unchanged
  Finished generating code
  BENGAL'S AIR ASSAULT.vcxproj -> D:\IUT SEMESTER 2\CSE 4202\BENGALS AIR ASSAULT\BSA GAME\BENGAL'S AIR ASSAULT\x64\Release\BENGAL'S AIR ASSAULT.exe
